[13:08:07] [main/WARN]: Ambiguity between arguments [teleport, destination] and [teleport, targets] with inputs: [Player, 0123, @e, dd12be42-52a9-4a91-a8a1-11c01849e498]
[13:08:07] [main/WARN]: Ambiguity between arguments [teleport, location] and [teleport, destination] with inputs: [0.1 -0.5 .9, 0 0 0]
[13:08:07] [main/WARN]: Ambiguity between arguments [teleport, location] and [teleport, targets] with inputs: [0.1 -0.5 .9, 0 0 0]
[13:08:07] [main/WARN]: Ambiguity between arguments [teleport, targets] and [teleport, destination] with inputs: [Player, 0123, dd12be42-52a9-4a91-a8a1-11c01849e498]
[13:08:07] [main/WARN]: Ambiguity between arguments [teleport, targets, location] and [teleport, targets, destination] with inputs: [0.1 -0.5 .9, 0 0 0]
[13:08:09] [Server thread/INFO]: Starting minecraft server version 1.14.4
[13:08:09] [Server thread/WARN]: To start the server with more ram, launch it as "java -Xmx1024M -Xms1024M -jar minecraft_server.jar"
[13:08:09] [Server thread/INFO]: Loading properties
[13:08:09] [Server thread/INFO]: Default game type: CREATIVE
[13:08:09] [Server thread/INFO]: Generating keypair
[13:08:09] [Server console handler/ERROR]: Exception handling console input
java.io.IOException: The handle is invalid
	at java.io.FileInputStream.readBytes(Native Method) ~[?:1.8.0_221]
	at java.io.FileInputStream.read(Unknown Source) ~[?:1.8.0_221]
	at java.io.BufferedInputStream.read1(Unknown Source) ~[?:1.8.0_221]
	at java.io.BufferedInputStream.read(Unknown Source) ~[?:1.8.0_221]
	at sun.nio.cs.StreamDecoder.readBytes(Unknown Source) ~[?:1.8.0_221]
	at sun.nio.cs.StreamDecoder.implRead(Unknown Source) ~[?:1.8.0_221]
	at sun.nio.cs.StreamDecoder.read(Unknown Source) ~[?:1.8.0_221]
	at java.io.InputStreamReader.read(Unknown Source) ~[?:1.8.0_221]
	at java.io.BufferedReader.fill(Unknown Source) ~[?:1.8.0_221]
	at java.io.BufferedReader.readLine(Unknown Source) ~[?:1.8.0_221]
	at java.io.BufferedReader.readLine(Unknown Source) ~[?:1.8.0_221]
	at uk$2.run(SourceFile:109) [server.jar:?]
[13:08:09] [Server thread/INFO]: Starting Minecraft server on *:25565
[13:08:09] [Server thread/INFO]: Using default channel type
[13:08:11] [Server thread/INFO]: Preparing level "CompArch"
[13:08:11] [Server thread/INFO]: Reloading ResourceManager: Default
[13:08:12] [Server thread/INFO]: Loaded 6 recipes
[13:08:12] [Server thread/INFO]: Loaded 811 advancements
[13:08:13] [Server thread/INFO]: Preparing start region for dimension minecraft:overworld
[13:08:14] [Server thread/INFO]: Preparing spawn area: 0%
[13:08:14] [Server thread/INFO]: Preparing spawn area: 0%
[13:08:14] [Server thread/INFO]: Preparing spawn area: 0%
[13:08:18] [Server-Worker-1/INFO]: Preparing spawn area: 0%
[13:08:18] [Server-Worker-1/INFO]: Preparing spawn area: 0%
[13:08:18] [Server-Worker-6/INFO]: Preparing spawn area: 0%
[13:08:18] [Server-Worker-3/INFO]: Preparing spawn area: 0%
[13:08:18] [Server-Worker-3/INFO]: Preparing spawn area: 0%
[13:08:18] [Server-Worker-1/INFO]: Preparing spawn area: 0%
[13:08:18] [Server-Worker-2/INFO]: Preparing spawn area: 0%
[13:08:18] [Server-Worker-3/INFO]: Preparing spawn area: 0%
[13:08:18] [Server thread/INFO]: Time elapsed: 5182 ms
[13:08:18] [Server thread/INFO]: Done (7.309s)! For help, type "help"
[13:09:37] [Server thread/INFO]: Stopping server
[13:09:37] [Server thread/INFO]: Saving players
[13:09:37] [Server thread/INFO]: Saving worlds
[13:09:37] [Server thread/INFO]: Saving chunks for level 'CompArch'/minecraft:overworld
[13:09:37] [Server thread/INFO]: ThreadedAnvilChunkStorage (CompArch): All chunks are saved
[13:09:37] [Server thread/INFO]: Saving chunks for level 'CompArch'/minecraft:the_end
[13:09:37] [Server thread/INFO]: ThreadedAnvilChunkStorage (DIM1): All chunks are saved
[13:09:37] [Server thread/INFO]: Saving chunks for level 'CompArch'/minecraft:the_nether
[13:09:37] [Server thread/INFO]: ThreadedAnvilChunkStorage (DIM-1): All chunks are saved
[13:09:37] [Server thread/INFO]: ThreadedAnvilChunkStorage (CompArch): All chunks are saved
[13:09:37] [Server thread/INFO]: ThreadedAnvilChunkStorage (DIM1): All chunks are saved
[13:09:37] [Server thread/INFO]: ThreadedAnvilChunkStorage (DIM-1): All chunks are saved
